app/build/intermediates/manifest_merge_blame_file/debug/manifest-merger-blame-debug-report.txt
1<?xml version="1.0" encoding="utf-8"?>
2<manifest xmlns:android="http://schemas.android.com/apk/res/android"
3    package="com.example.weatherapplication"
4    android:versionCode="1"
5    android:versionName="1.0" >
6
7    <uses-sdk
8        android:minSdkVersion="28"
9        android:targetSdkVersion="34" />
10
11    <uses-permission android:name="android.permission.INTERNET" />
11-->src\main\AndroidManifest.xml:5:5-66
11-->src\main\AndroidManifest.xml:5:22-64
12
13    <queries>
13-->[com.android.car.ui:car-ui-lib:2.6.0] AndroidManifest.xml:23:5-34:15
14
15        <!-- Required for querying the IME service at runtime -->
16        <intent>
16-->[com.android.car.ui:car-ui-lib:2.6.0] AndroidManifest.xml:26:9-28:18
17            <action android:name="android.view.InputMethod" />
17-->[com.android.car.ui:car-ui-lib:2.6.0] AndroidManifest.xml:27:13-63
17-->[com.android.car.ui:car-ui-lib:2.6.0] AndroidManifest.xml:27:21-60
18        </intent>
19        <!-- Required for querying the plugin at runtime -->
20        <provider
20-->[com.android.car.ui:car-ui-lib:2.6.0] AndroidManifest.xml:30:9-33:67
21            android:name="com.android.car.ui.plugin.PluginNameProvider"
21-->[com.android.car.ui:car-ui-lib:2.6.0] AndroidManifest.xml:31:13-72
22            android:authorities="com.android.car.ui.plugin" />
22-->[com.android.car.ui:car-ui-lib:2.6.0] AndroidManifest.xml:32:13-60
23    </queries>
24
25    <permission
25-->[androidx.core:core:1.12.0] AndroidManifest.xml:22:5-24:47
26        android:name="com.example.weatherapplication.DYNAMIC_RECEIVER_NOT_EXPORTED_PERMISSION"
26-->[androidx.core:core:1.12.0] AndroidManifest.xml:23:9-81
27        android:protectionLevel="signature" />
27-->[androidx.core:core:1.12.0] AndroidManifest.xml:24:9-44
28
29    <uses-permission android:name="com.example.weatherapplication.DYNAMIC_RECEIVER_NOT_EXPORTED_PERMISSION" />
29-->[androidx.core:core:1.12.0] AndroidManifest.xml:26:5-97
29-->[androidx.core:core:1.12.0] AndroidManifest.xml:26:22-94
30
31    <application
31-->src\main\AndroidManifest.xml:7:5-31:19
32        android:allowBackup="true"
32-->src\main\AndroidManifest.xml:8:9-35
33        android:appComponentFactory="androidx.core.app.CoreComponentFactory"
33-->[androidx.core:core:1.12.0] AndroidManifest.xml:28:18-86
34        android:dataExtractionRules="@xml/data_extraction_rules"
34-->src\main\AndroidManifest.xml:9:9-65
35        android:debuggable="true"
36        android:extractNativeLibs="false"
37        android:fullBackupContent="@xml/backup_rules"
37-->src\main\AndroidManifest.xml:10:9-54
38        android:icon="@mipmap/weather"
38-->src\main\AndroidManifest.xml:11:9-39
39        android:label="@string/app_name"
39-->src\main\AndroidManifest.xml:12:9-41
40        android:roundIcon="@mipmap/weather"
40-->src\main\AndroidManifest.xml:13:9-44
41        android:supportsRtl="true"
41-->src\main\AndroidManifest.xml:14:9-35
42        android:theme="@style/Theme.WeatherApplication" >
42-->src\main\AndroidManifest.xml:15:9-56
43        <activity
43-->src\main\AndroidManifest.xml:17:9-25:20
44            android:name="com.example.weatherapplication.SplashActivity"
44-->src\main\AndroidManifest.xml:18:13-43
45            android:exported="true" >
45-->src\main\AndroidManifest.xml:19:13-36
46            <intent-filter>
46-->src\main\AndroidManifest.xml:20:13-24:29
47                <action android:name="android.intent.action.MAIN" />
47-->src\main\AndroidManifest.xml:21:17-69
47-->src\main\AndroidManifest.xml:21:25-66
48
49                <category android:name="android.intent.category.LAUNCHER" />
49-->src\main\AndroidManifest.xml:23:17-77
49-->src\main\AndroidManifest.xml:23:27-74
50            </intent-filter>
51        </activity>
52        <activity
52-->src\main\AndroidManifest.xml:26:9-30:20
53            android:name="com.example.weatherapplication.MainActivity"
53-->src\main\AndroidManifest.xml:27:13-41
54            android:exported="true" >
54-->src\main\AndroidManifest.xml:28:13-36
55        </activity>
56
57        <provider
57-->[com.android.car.ui:car-ui-lib:2.6.0] AndroidManifest.xml:37:9-42:71
58            android:name="com.android.car.ui.core.CarUiInstaller"
58-->[com.android.car.ui:car-ui-lib:2.6.0] AndroidManifest.xml:38:13-66
59            android:authorities="com.example.weatherapplication.CarUiInstaller"
59-->[com.android.car.ui:car-ui-lib:2.6.0] AndroidManifest.xml:39:13-66
60            android:directBootAware="true"
60-->[com.android.car.ui:car-ui-lib:2.6.0] AndroidManifest.xml:40:13-43
61            android:exported="false"
61-->[com.android.car.ui:car-ui-lib:2.6.0] AndroidManifest.xml:41:13-37
62            android:process="@string/car_ui_installer_process_name" />
62-->[com.android.car.ui:car-ui-lib:2.6.0] AndroidManifest.xml:42:13-68
63        <provider
63-->[com.android.car.ui:car-ui-lib:2.6.0] AndroidManifest.xml:43:9-48:79
64            android:name="com.android.car.ui.core.SearchResultsProvider"
64-->[com.android.car.ui:car-ui-lib:2.6.0] AndroidManifest.xml:44:13-73
65            android:authorities="com.example.weatherapplication.SearchResultsProvider"
65-->[com.android.car.ui:car-ui-lib:2.6.0] AndroidManifest.xml:45:13-73
66            android:exported="true"
66-->[com.android.car.ui:car-ui-lib:2.6.0] AndroidManifest.xml:46:13-36
67            android:process="@string/car_ui_installer_process_name"
67-->[com.android.car.ui:car-ui-lib:2.6.0] AndroidManifest.xml:47:13-68
68            android:readPermission="com.android.car.ui.READ_SEARCH_RESULTS" />
68-->[com.android.car.ui:car-ui-lib:2.6.0] AndroidManifest.xml:48:13-76
69        <provider
69-->[androidx.emoji2:emoji2:1.2.0] AndroidManifest.xml:24:9-32:20
70            android:name="androidx.startup.InitializationProvider"
70-->[androidx.emoji2:emoji2:1.2.0] AndroidManifest.xml:25:13-67
71            android:authorities="com.example.weatherapplication.androidx-startup"
71-->[androidx.emoji2:emoji2:1.2.0] AndroidManifest.xml:26:13-68
72            android:exported="false" >
72-->[androidx.emoji2:emoji2:1.2.0] AndroidManifest.xml:27:13-37
73            <meta-data
73-->[androidx.emoji2:emoji2:1.2.0] AndroidManifest.xml:29:13-31:52
74                android:name="androidx.emoji2.text.EmojiCompatInitializer"
74-->[androidx.emoji2:emoji2:1.2.0] AndroidManifest.xml:30:17-75
75                android:value="androidx.startup" />
75-->[androidx.emoji2:emoji2:1.2.0] AndroidManifest.xml:31:17-49
76            <meta-data
76-->[androidx.lifecycle:lifecycle-process:2.6.1] AndroidManifest.xml:29:13-31:52
77                android:name="androidx.lifecycle.ProcessLifecycleInitializer"
77-->[androidx.lifecycle:lifecycle-process:2.6.1] AndroidManifest.xml:30:17-78
78                android:value="androidx.startup" />
78-->[androidx.lifecycle:lifecycle-process:2.6.1] AndroidManifest.xml:31:17-49
79            <meta-data
79-->[androidx.profileinstaller:profileinstaller:1.3.0] AndroidManifest.xml:29:13-31:52
80                android:name="androidx.profileinstaller.ProfileInstallerInitializer"
80-->[androidx.profileinstaller:profileinstaller:1.3.0] AndroidManifest.xml:30:17-85
81                android:value="androidx.startup" />
81-->[androidx.profileinstaller:profileinstaller:1.3.0] AndroidManifest.xml:31:17-49
82        </provider>
83
84        <receiver
84-->[androidx.profileinstaller:profileinstaller:1.3.0] AndroidManifest.xml:34:9-52:20
85            android:name="androidx.profileinstaller.ProfileInstallReceiver"
85-->[androidx.profileinstaller:profileinstaller:1.3.0] AndroidManifest.xml:35:13-76
86            android:directBootAware="false"
86-->[androidx.profileinstaller:profileinstaller:1.3.0] AndroidManifest.xml:36:13-44
87            android:enabled="true"
87-->[androidx.profileinstaller:profileinstaller:1.3.0] AndroidManifest.xml:37:13-35
88            android:exported="true"
88-->[androidx.profileinstaller:profileinstaller:1.3.0] AndroidManifest.xml:38:13-36
89            android:permission="android.permission.DUMP" >
89-->[androidx.profileinstaller:profileinstaller:1.3.0] AndroidManifest.xml:39:13-57
90            <intent-filter>
90-->[androidx.profileinstaller:profileinstaller:1.3.0] AndroidManifest.xml:40:13-42:29
91                <action android:name="androidx.profileinstaller.action.INSTALL_PROFILE" />
91-->[androidx.profileinstaller:profileinstaller:1.3.0] AndroidManifest.xml:41:17-91
91-->[androidx.profileinstaller:profileinstaller:1.3.0] AndroidManifest.xml:41:25-88
92            </intent-filter>
93            <intent-filter>
93-->[androidx.profileinstaller:profileinstaller:1.3.0] AndroidManifest.xml:43:13-45:29
94                <action android:name="androidx.profileinstaller.action.SKIP_FILE" />
94-->[androidx.profileinstaller:profileinstaller:1.3.0] AndroidManifest.xml:44:17-85
94-->[androidx.profileinstaller:profileinstaller:1.3.0] AndroidManifest.xml:44:25-82
95            </intent-filter>
96            <intent-filter>
96-->[androidx.profileinstaller:profileinstaller:1.3.0] AndroidManifest.xml:46:13-48:29
97                <action android:name="androidx.profileinstaller.action.SAVE_PROFILE" />
97-->[androidx.profileinstaller:profileinstaller:1.3.0] AndroidManifest.xml:47:17-88
97-->[androidx.profileinstaller:profileinstaller:1.3.0] AndroidManifest.xml:47:25-85
98            </intent-filter>
99            <intent-filter>
99-->[androidx.profileinstaller:profileinstaller:1.3.0] AndroidManifest.xml:49:13-51:29
100                <action android:name="androidx.profileinstaller.action.BENCHMARK_OPERATION" />
100-->[androidx.profileinstaller:profileinstaller:1.3.0] AndroidManifest.xml:50:17-95
100-->[androidx.profileinstaller:profileinstaller:1.3.0] AndroidManifest.xml:50:25-92
101            </intent-filter>
102        </receiver>
103    </application>
104
105</manifest>